2025-04-02 00:12:33 [SpringApplicationShutdownHook] INFO  o.s.o.j.LocalContainerEntityManagerFactoryBean - Closing JPA EntityManagerFactory for persistence unit 'default'
2025-04-02 00:12:35 [SpringApplicationShutdownHook] TRACE o.h.type.spi.TypeConfiguration$Scope - Handling #sessionFactoryClosed from [org.hibernate.internal.SessionFactoryImpl@53e28097] for TypeConfiguration
2025-04-02 00:12:35 [SpringApplicationShutdownHook] DEBUG o.h.type.spi.TypeConfiguration$Scope - Un-scoping TypeConfiguration [org.hibernate.type.spi.TypeConfiguration$Scope@7953d5ae] from SessionFactory [org.hibernate.internal.SessionFactoryImpl@53e28097]
2025-04-02 00:12:36 [SpringApplicationShutdownHook] INFO  com.zaxxer.hikari.HikariDataSource - HikariPool-1 - Shutdown initiated...
2025-04-02 00:12:36 [SpringApplicationShutdownHook] INFO  com.zaxxer.hikari.HikariDataSource - HikariPool-1 - Shutdown completed.
2025-04-02 00:12:53 [main] INFO  r.k.s.b.d.SpringBootSecurityDemoApplication - Starting SpringBootSecurityDemoApplication using Java 17.0.14 on Amina with PID 18156 (C:\Users\Ami\IdeaProjects\SpringBootSecurity\target\classes started by Amina in C:\Users\Ami\IdeaProjects\SpringBootSecurity)
2025-04-02 00:12:53 [main] INFO  r.k.s.b.d.SpringBootSecurityDemoApplication - No active profile set, falling back to 1 default profile: "default"
2025-04-02 00:12:53 [main] INFO  o.s.d.r.c.RepositoryConfigurationDelegate - Bootstrapping Spring Data JPA repositories in DEFAULT mode.
2025-04-02 00:12:54 [main] INFO  o.s.d.r.c.RepositoryConfigurationDelegate - Finished Spring Data repository scanning in 65 ms. Found 2 JPA repository interfaces.
2025-04-02 00:12:54 [main] INFO  o.s.b.w.e.tomcat.TomcatWebServer - Tomcat initialized with port(s): 8080 (http)
2025-04-02 00:12:54 [main] INFO  o.a.c.core.AprLifecycleListener - Loaded Apache Tomcat Native library [1.3.1] using APR version [1.7.4].
2025-04-02 00:12:54 [main] INFO  o.a.c.core.AprLifecycleListener - APR capabilities: IPv6 [true], sendfile [true], accept filters [false], random [true], UDS [true].
2025-04-02 00:12:54 [main] INFO  o.a.c.core.AprLifecycleListener - APR/OpenSSL configuration: useAprConnector [false], useOpenSSL [true]
2025-04-02 00:12:54 [main] INFO  o.a.c.core.AprLifecycleListener - OpenSSL successfully initialized [OpenSSL 3.0.14 4 Jun 2024]
2025-04-02 00:12:54 [main] INFO  o.a.catalina.core.StandardService - Starting service [Tomcat]
2025-04-02 00:12:54 [main] INFO  o.a.catalina.core.StandardEngine - Starting Servlet engine: [Apache Tomcat/9.0.83]
2025-04-02 00:12:54 [main] INFO  o.a.c.c.C.[Tomcat].[localhost].[/] - Initializing Spring embedded WebApplicationContext
2025-04-02 00:12:54 [main] INFO  o.s.b.w.s.c.ServletWebServerApplicationContext - Root WebApplicationContext: initialization completed in 1411 ms
2025-04-02 00:12:55 [main] INFO  o.h.jpa.internal.util.LogHelper - HHH000204: Processing PersistenceUnitInfo [name: default]
2025-04-02 00:12:55 [main] INFO  org.hibernate.Version - HHH000412: Hibernate ORM core version 5.6.15.Final
2025-04-02 00:12:55 [main] INFO  o.h.annotations.common.Version - HCANN000001: Hibernate Commons Annotations {5.1.2.Final}
2025-04-02 00:12:55 [main] DEBUG org.hibernate.type.BasicTypeRegistry - Adding type registration boolean -> org.hibernate.type.BooleanType@6d4a82
2025-04-02 00:12:55 [main] DEBUG org.hibernate.type.BasicTypeRegistry - Adding type registration boolean -> org.hibernate.type.BooleanType@6d4a82
2025-04-02 00:12:55 [main] DEBUG org.hibernate.type.BasicTypeRegistry - Adding type registration java.lang.Boolean -> org.hibernate.type.BooleanType@6d4a82
2025-04-02 00:12:55 [main] DEBUG org.hibernate.type.BasicTypeRegistry - Adding type registration numeric_boolean -> org.hibernate.type.NumericBooleanType@130cfc47
2025-04-02 00:12:55 [main] DEBUG org.hibernate.type.BasicTypeRegistry - Adding type registration true_false -> org.hibernate.type.TrueFalseType@5a2ae1ab
2025-04-02 00:12:55 [main] DEBUG org.hibernate.type.BasicTypeRegistry - Adding type registration yes_no -> org.hibernate.type.YesNoType@581c9bb7
2025-04-02 00:12:55 [main] DEBUG org.hibernate.type.BasicTypeRegistry - Adding type registration byte -> org.hibernate.type.ByteType@1c5d3a37
2025-04-02 00:12:55 [main] DEBUG org.hibernate.type.BasicTypeRegistry - Adding type registration byte -> org.hibernate.type.ByteType@1c5d3a37
2025-04-02 00:12:55 [main] DEBUG org.hibernate.type.BasicTypeRegistry - Adding type registration java.lang.Byte -> org.hibernate.type.ByteType@1c5d3a37
2025-04-02 00:12:55 [main] DEBUG org.hibernate.type.BasicTypeRegistry - Adding type registration character -> org.hibernate.type.CharacterType@4584304
2025-04-02 00:12:55 [main] DEBUG org.hibernate.type.BasicTypeRegistry - Adding type registration char -> org.hibernate.type.CharacterType@4584304
2025-04-02 00:12:55 [main] DEBUG org.hibernate.type.BasicTypeRegistry - Adding type registration java.lang.Character -> org.hibernate.type.CharacterType@4584304
2025-04-02 00:12:55 [main] DEBUG org.hibernate.type.BasicTypeRegistry - Adding type registration short -> org.hibernate.type.ShortType@1332dec4
2025-04-02 00:12:55 [main] DEBUG org.hibernate.type.BasicTypeRegistry - Adding type registration short -> org.hibernate.type.ShortType@1332dec4
2025-04-02 00:12:55 [main] DEBUG org.hibernate.type.BasicTypeRegistry - Adding type registration java.lang.Short -> org.hibernate.type.ShortType@1332dec4
2025-04-02 00:12:55 [main] DEBUG org.hibernate.type.BasicTypeRegistry - Adding type registration integer -> org.hibernate.type.IntegerType@5ec9eefa
2025-04-02 00:12:55 [main] DEBUG org.hibernate.type.BasicTypeRegistry - Adding type registration int -> org.hibernate.type.IntegerType@5ec9eefa
2025-04-02 00:12:55 [main] DEBUG org.hibernate.type.BasicTypeRegistry - Adding type registration java.lang.Integer -> org.hibernate.type.IntegerType@5ec9eefa
2025-04-02 00:12:55 [main] DEBUG org.hibernate.type.BasicTypeRegistry - Adding type registration long -> org.hibernate.type.LongType@6b8b5020
2025-04-02 00:12:55 [main] DEBUG org.hibernate.type.BasicTypeRegistry - Adding type registration long -> org.hibernate.type.LongType@6b8b5020
2025-04-02 00:12:55 [main] DEBUG org.hibernate.type.BasicTypeRegistry - Adding type registration java.lang.Long -> org.hibernate.type.LongType@6b8b5020
2025-04-02 00:12:55 [main] DEBUG org.hibernate.type.BasicTypeRegistry - Adding type registration float -> org.hibernate.type.FloatType@6750e381
2025-04-02 00:12:55 [main] DEBUG org.hibernate.type.BasicTypeRegistry - Adding type registration float -> org.hibernate.type.FloatType@6750e381
2025-04-02 00:12:55 [main] DEBUG org.hibernate.type.BasicTypeRegistry - Adding type registration java.lang.Float -> org.hibernate.type.FloatType@6750e381
2025-04-02 00:12:55 [main] DEBUG org.hibernate.type.BasicTypeRegistry - Adding type registration double -> org.hibernate.type.DoubleType@29bbc391
2025-04-02 00:12:55 [main] DEBUG org.hibernate.type.BasicTypeRegistry - Adding type registration double -> org.hibernate.type.DoubleType@29bbc391
2025-04-02 00:12:55 [main] DEBUG org.hibernate.type.BasicTypeRegistry - Adding type registration java.lang.Double -> org.hibernate.type.DoubleType@29bbc391
2025-04-02 00:12:55 [main] DEBUG org.hibernate.type.BasicTypeRegistry - Adding type registration big_decimal -> org.hibernate.type.BigDecimalType@21b51e59
2025-04-02 00:12:55 [main] DEBUG org.hibernate.type.BasicTypeRegistry - Adding type registration java.math.BigDecimal -> org.hibernate.type.BigDecimalType@21b51e59
2025-04-02 00:12:55 [main] DEBUG org.hibernate.type.BasicTypeRegistry - Adding type registration big_integer -> org.hibernate.type.BigIntegerType@4fea840f
2025-04-02 00:12:55 [main] DEBUG org.hibernate.type.BasicTypeRegistry - Adding type registration java.math.BigInteger -> org.hibernate.type.BigIntegerType@4fea840f
2025-04-02 00:12:55 [main] DEBUG org.hibernate.type.BasicTypeRegistry - Adding type registration string -> org.hibernate.type.StringType@3457cc8d
2025-04-02 00:12:55 [main] DEBUG org.hibernate.type.BasicTypeRegistry - Adding type registration java.lang.String -> org.hibernate.type.StringType@3457cc8d
2025-04-02 00:12:55 [main] DEBUG org.hibernate.type.BasicTypeRegistry - Adding type registration nstring -> org.hibernate.type.StringNVarcharType@d87d449
2025-04-02 00:12:55 [main] DEBUG org.hibernate.type.BasicTypeRegistry - Adding type registration ncharacter -> org.hibernate.type.CharacterNCharType@5bb8e6fc
2025-04-02 00:12:55 [main] DEBUG org.hibernate.type.BasicTypeRegistry - Adding type registration url -> org.hibernate.type.UrlType@546ed2a0
2025-04-02 00:12:55 [main] DEBUG org.hibernate.type.BasicTypeRegistry - Adding type registration java.net.URL -> org.hibernate.type.UrlType@546ed2a0
2025-04-02 00:12:55 [main] DEBUG org.hibernate.type.BasicTypeRegistry - Adding type registration Duration -> org.hibernate.type.DurationType@21e5f0b6
2025-04-02 00:12:55 [main] DEBUG org.hibernate.type.BasicTypeRegistry - Adding type registration java.time.Duration -> org.hibernate.type.DurationType@21e5f0b6
2025-04-02 00:12:55 [main] DEBUG org.hibernate.type.BasicTypeRegistry - Adding type registration Instant -> org.hibernate.type.InstantType@5dbab232
2025-04-02 00:12:55 [main] DEBUG org.hibernate.type.BasicTypeRegistry - Adding type registration java.time.Instant -> org.hibernate.type.InstantType@5dbab232
2025-04-02 00:12:55 [main] DEBUG org.hibernate.type.BasicTypeRegistry - Adding type registration LocalDateTime -> org.hibernate.type.LocalDateTimeType@18ffca6c
2025-04-02 00:12:55 [main] DEBUG org.hibernate.type.BasicTypeRegistry - Adding type registration java.time.LocalDateTime -> org.hibernate.type.LocalDateTimeType@18ffca6c
2025-04-02 00:12:55 [main] DEBUG org.hibernate.type.BasicTypeRegistry - Adding type registration LocalDate -> org.hibernate.type.LocalDateType@5012c571
2025-04-02 00:12:55 [main] DEBUG org.hibernate.type.BasicTypeRegistry - Adding type registration java.time.LocalDate -> org.hibernate.type.LocalDateType@5012c571
2025-04-02 00:12:55 [main] DEBUG org.hibernate.type.BasicTypeRegistry - Adding type registration LocalTime -> org.hibernate.type.LocalTimeType@28b523a
2025-04-02 00:12:55 [main] DEBUG org.hibernate.type.BasicTypeRegistry - Adding type registration java.time.LocalTime -> org.hibernate.type.LocalTimeType@28b523a
2025-04-02 00:12:55 [main] DEBUG org.hibernate.type.BasicTypeRegistry - Adding type registration OffsetDateTime -> org.hibernate.type.OffsetDateTimeType@238291d4
2025-04-02 00:12:55 [main] DEBUG org.hibernate.type.BasicTypeRegistry - Adding type registration java.time.OffsetDateTime -> org.hibernate.type.OffsetDateTimeType@238291d4
2025-04-02 00:12:55 [main] DEBUG org.hibernate.type.BasicTypeRegistry - Adding type registration OffsetTime -> org.hibernate.type.OffsetTimeType@72a8361b
2025-04-02 00:12:55 [main] DEBUG org.hibernate.type.BasicTypeRegistry - Adding type registration java.time.OffsetTime -> org.hibernate.type.OffsetTimeType@72a8361b
2025-04-02 00:12:55 [main] DEBUG org.hibernate.type.BasicTypeRegistry - Adding type registration ZonedDateTime -> org.hibernate.type.ZonedDateTimeType@272778ae
2025-04-02 00:12:55 [main] DEBUG org.hibernate.type.BasicTypeRegistry - Adding type registration java.time.ZonedDateTime -> org.hibernate.type.ZonedDateTimeType@272778ae
2025-04-02 00:12:55 [main] DEBUG org.hibernate.type.BasicTypeRegistry - Adding type registration date -> org.hibernate.type.DateType@120aa40b
2025-04-02 00:12:55 [main] DEBUG org.hibernate.type.BasicTypeRegistry - Adding type registration java.sql.Date -> org.hibernate.type.DateType@120aa40b
2025-04-02 00:12:55 [main] DEBUG org.hibernate.type.BasicTypeRegistry - Adding type registration time -> org.hibernate.type.TimeType@1373e3ee
2025-04-02 00:12:55 [main] DEBUG org.hibernate.type.BasicTypeRegistry - Adding type registration java.sql.Time -> org.hibernate.type.TimeType@1373e3ee
2025-04-02 00:12:55 [main] DEBUG org.hibernate.type.BasicTypeRegistry - Adding type registration timestamp -> org.hibernate.type.TimestampType@70b48eb3
2025-04-02 00:12:55 [main] DEBUG org.hibernate.type.BasicTypeRegistry - Adding type registration java.sql.Timestamp -> org.hibernate.type.TimestampType@70b48eb3
2025-04-02 00:12:55 [main] DEBUG org.hibernate.type.BasicTypeRegistry - Adding type registration java.util.Date -> org.hibernate.type.TimestampType@70b48eb3
2025-04-02 00:12:55 [main] DEBUG org.hibernate.type.BasicTypeRegistry - Adding type registration dbtimestamp -> org.hibernate.type.DbTimestampType@231df705
2025-04-02 00:12:55 [main] DEBUG org.hibernate.type.BasicTypeRegistry - Adding type registration calendar -> org.hibernate.type.CalendarType@2ee4706d
2025-04-02 00:12:55 [main] DEBUG org.hibernate.type.BasicTypeRegistry - Adding type registration java.util.Calendar -> org.hibernate.type.CalendarType@2ee4706d
2025-04-02 00:12:55 [main] DEBUG org.hibernate.type.BasicTypeRegistry - Adding type registration java.util.GregorianCalendar -> org.hibernate.type.CalendarType@2ee4706d
2025-04-02 00:12:55 [main] DEBUG org.hibernate.type.BasicTypeRegistry - Adding type registration calendar_date -> org.hibernate.type.CalendarDateType@5a30722c
2025-04-02 00:12:55 [main] DEBUG org.hibernate.type.BasicTypeRegistry - Adding type registration calendar_time -> org.hibernate.type.CalendarTimeType@27898e13
2025-04-02 00:12:55 [main] DEBUG org.hibernate.type.BasicTypeRegistry - Adding type registration locale -> org.hibernate.type.LocaleType@5fd43e58
2025-04-02 00:12:55 [main] DEBUG org.hibernate.type.BasicTypeRegistry - Adding type registration java.util.Locale -> org.hibernate.type.LocaleType@5fd43e58
2025-04-02 00:12:55 [main] DEBUG org.hibernate.type.BasicTypeRegistry - Adding type registration currency -> org.hibernate.type.CurrencyType@509a6095
2025-04-02 00:12:55 [main] DEBUG org.hibernate.type.BasicTypeRegistry - Adding type registration java.util.Currency -> org.hibernate.type.CurrencyType@509a6095
2025-04-02 00:12:55 [main] DEBUG org.hibernate.type.BasicTypeRegistry - Adding type registration timezone -> org.hibernate.type.TimeZoneType@3ab595c8
2025-04-02 00:12:55 [main] DEBUG org.hibernate.type.BasicTypeRegistry - Adding type registration java.util.TimeZone -> org.hibernate.type.TimeZoneType@3ab595c8
2025-04-02 00:12:55 [main] DEBUG org.hibernate.type.BasicTypeRegistry - Adding type registration class -> org.hibernate.type.ClassType@7781263c
2025-04-02 00:12:55 [main] DEBUG org.hibernate.type.BasicTypeRegistry - Adding type registration java.lang.Class -> org.hibernate.type.ClassType@7781263c
2025-04-02 00:12:55 [main] DEBUG org.hibernate.type.BasicTypeRegistry - Adding type registration uuid-binary -> org.hibernate.type.UUIDBinaryType@37d3e140
2025-04-02 00:12:55 [main] DEBUG org.hibernate.type.BasicTypeRegistry - Adding type registration java.util.UUID -> org.hibernate.type.UUIDBinaryType@37d3e140
2025-04-02 00:12:55 [main] DEBUG org.hibernate.type.BasicTypeRegistry - Adding type registration uuid-char -> org.hibernate.type.UUIDCharType@a3cba3a
2025-04-02 00:12:55 [main] DEBUG org.hibernate.type.BasicTypeRegistry - Adding type registration binary -> org.hibernate.type.BinaryType@5e3db14
2025-04-02 00:12:55 [main] DEBUG org.hibernate.type.BasicTypeRegistry - Adding type registration byte[] -> org.hibernate.type.BinaryType@5e3db14
2025-04-02 00:12:55 [main] DEBUG org.hibernate.type.BasicTypeRegistry - Adding type registration [B -> org.hibernate.type.BinaryType@5e3db14
2025-04-02 00:12:55 [main] DEBUG org.hibernate.type.BasicTypeRegistry - Adding type registration wrapper-binary -> org.hibernate.type.WrapperBinaryType@7741ae1b
2025-04-02 00:12:55 [main] DEBUG org.hibernate.type.BasicTypeRegistry - Adding type registration Byte[] -> org.hibernate.type.WrapperBinaryType@7741ae1b
2025-04-02 00:12:55 [main] DEBUG org.hibernate.type.BasicTypeRegistry - Adding type registration [Ljava.lang.Byte; -> org.hibernate.type.WrapperBinaryType@7741ae1b
2025-04-02 00:12:55 [main] DEBUG org.hibernate.type.BasicTypeRegistry - Adding type registration row_version -> org.hibernate.type.RowVersionType@4a22e4d7
2025-04-02 00:12:55 [main] DEBUG org.hibernate.type.BasicTypeRegistry - Adding type registration image -> org.hibernate.type.ImageType@37775bb1
2025-04-02 00:12:55 [main] DEBUG org.hibernate.type.BasicTypeRegistry - Adding type registration characters -> org.hibernate.type.CharArrayType@17ec335a
2025-04-02 00:12:55 [main] DEBUG org.hibernate.type.BasicTypeRegistry - Adding type registration char[] -> org.hibernate.type.CharArrayType@17ec335a
2025-04-02 00:12:55 [main] DEBUG org.hibernate.type.BasicTypeRegistry - Adding type registration [C -> org.hibernate.type.CharArrayType@17ec335a
2025-04-02 00:12:55 [main] DEBUG org.hibernate.type.BasicTypeRegistry - Adding type registration wrapper-characters -> org.hibernate.type.CharacterArrayType@7bd38fed
2025-04-02 00:12:55 [main] DEBUG org.hibernate.type.BasicTypeRegistry - Adding type registration [Ljava.lang.Character; -> org.hibernate.type.CharacterArrayType@7bd38fed
2025-04-02 00:12:55 [main] DEBUG org.hibernate.type.BasicTypeRegistry - Adding type registration Character[] -> org.hibernate.type.CharacterArrayType@7bd38fed
2025-04-02 00:12:55 [main] DEBUG org.hibernate.type.BasicTypeRegistry - Adding type registration text -> org.hibernate.type.TextType@203e705e
2025-04-02 00:12:55 [main] DEBUG org.hibernate.type.BasicTypeRegistry - Adding type registration ntext -> org.hibernate.type.NTextType@40c8067
2025-04-02 00:12:55 [main] DEBUG org.hibernate.type.BasicTypeRegistry - Adding type registration blob -> org.hibernate.type.BlobType@30b3d899
2025-04-02 00:12:55 [main] DEBUG org.hibernate.type.BasicTypeRegistry - Adding type registration java.sql.Blob -> org.hibernate.type.BlobType@30b3d899
2025-04-02 00:12:55 [main] DEBUG org.hibernate.type.BasicTypeRegistry - Adding type registration materialized_blob -> org.hibernate.type.MaterializedBlobType@404ced67
2025-04-02 00:12:55 [main] DEBUG org.hibernate.type.BasicTypeRegistry - Adding type registration clob -> org.hibernate.type.ClobType@7ea42c82
2025-04-02 00:12:55 [main] DEBUG org.hibernate.type.BasicTypeRegistry - Adding type registration java.sql.Clob -> org.hibernate.type.ClobType@7ea42c82
2025-04-02 00:12:55 [main] DEBUG org.hibernate.type.BasicTypeRegistry - Adding type registration nclob -> org.hibernate.type.NClobType@2017f6e6
2025-04-02 00:12:55 [main] DEBUG org.hibernate.type.BasicTypeRegistry - Adding type registration java.sql.NClob -> org.hibernate.type.NClobType@2017f6e6
2025-04-02 00:12:55 [main] DEBUG org.hibernate.type.BasicTypeRegistry - Adding type registration materialized_clob -> org.hibernate.type.MaterializedClobType@4bc9ca97
2025-04-02 00:12:55 [main] DEBUG org.hibernate.type.BasicTypeRegistry - Adding type registration materialized_nclob -> org.hibernate.type.MaterializedNClobType@70c29356
2025-04-02 00:12:55 [main] DEBUG org.hibernate.type.BasicTypeRegistry - Adding type registration serializable -> org.hibernate.type.SerializableType@4fb57fb3
2025-04-02 00:12:55 [main] DEBUG org.hibernate.type.BasicTypeRegistry - Adding type registration object -> org.hibernate.type.ObjectType@712e787e
2025-04-02 00:12:55 [main] DEBUG org.hibernate.type.BasicTypeRegistry - Adding type registration java.lang.Object -> org.hibernate.type.ObjectType@712e787e
2025-04-02 00:12:55 [main] DEBUG org.hibernate.type.BasicTypeRegistry - Adding type registration imm_date -> org.hibernate.type.AdaptedImmutableType@26b3c9a2
2025-04-02 00:12:55 [main] DEBUG org.hibernate.type.BasicTypeRegistry - Adding type registration imm_time -> org.hibernate.type.AdaptedImmutableType@241b971f
2025-04-02 00:12:55 [main] DEBUG org.hibernate.type.BasicTypeRegistry - Adding type registration imm_timestamp -> org.hibernate.type.AdaptedImmutableType@125f16b2
2025-04-02 00:12:55 [main] DEBUG org.hibernate.type.BasicTypeRegistry - Adding type registration imm_dbtimestamp -> org.hibernate.type.AdaptedImmutableType@5384ce66
2025-04-02 00:12:55 [main] DEBUG org.hibernate.type.BasicTypeRegistry - Adding type registration imm_calendar -> org.hibernate.type.AdaptedImmutableType@6b42e36d
2025-04-02 00:12:55 [main] DEBUG org.hibernate.type.BasicTypeRegistry - Adding type registration imm_calendar_date -> org.hibernate.type.AdaptedImmutableType@13192275
2025-04-02 00:12:55 [main] DEBUG org.hibernate.type.BasicTypeRegistry - Adding type registration imm_binary -> org.hibernate.type.AdaptedImmutableType@79195c22
2025-04-02 00:12:55 [main] DEBUG org.hibernate.type.BasicTypeRegistry - Adding type registration imm_serializable -> org.hibernate.type.AdaptedImmutableType@c9b5a99
2025-04-02 00:12:55 [main] INFO  com.zaxxer.hikari.HikariDataSource - HikariPool-1 - Starting...
2025-04-02 00:12:55 [main] INFO  com.zaxxer.hikari.HikariDataSource - HikariPool-1 - Start completed.
2025-04-02 00:12:55 [main] INFO  org.hibernate.dialect.Dialect - HHH000400: Using dialect: org.hibernate.dialect.MySQL8Dialect
2025-04-02 00:12:55 [main] DEBUG o.h.type.spi.TypeConfiguration$Scope - Scoping TypeConfiguration [org.hibernate.type.spi.TypeConfiguration@1657b017] to MetadataBuildingContext [org.hibernate.boot.internal.MetadataBuildingContextRootImpl@368424db]
2025-04-02 00:12:56 [main] DEBUG o.h.type.spi.TypeConfiguration$Scope - Scoping TypeConfiguration [org.hibernate.type.spi.TypeConfiguration@1657b017] to SessionFactoryImpl [org.hibernate.internal.SessionFactoryImpl@165aa43a]
2025-04-02 00:12:56 [main] INFO  o.h.e.t.j.p.i.JtaPlatformInitiator - HHH000490: Using JtaPlatform implementation: [org.hibernate.engine.transaction.jta.platform.internal.NoJtaPlatform]
2025-04-02 00:12:56 [main] TRACE o.h.type.spi.TypeConfiguration$Scope - Handling #sessionFactoryCreated from [org.hibernate.internal.SessionFactoryImpl@165aa43a] for TypeConfiguration
2025-04-02 00:12:56 [main] INFO  o.s.o.j.LocalContainerEntityManagerFactoryBean - Initialized JPA EntityManagerFactory for persistence unit 'default'
2025-04-02 00:12:57 [main] TRACE o.s.t.a.AnnotationTransactionAttributeSource - Adding transactional method 'ru.kata.spring.boot_security.demo.services.UserDetailsServiceImpl.loadUserByUsername' with attribute: PROPAGATION_REQUIRED,ISOLATION_DEFAULT
2025-04-02 00:12:57 [main] TRACE o.s.t.a.AnnotationTransactionAttributeSource - Adding transactional method 'ru.kata.spring.boot_security.demo.services.UserServiceImpl.findByUsername' with attribute: PROPAGATION_REQUIRED,ISOLATION_DEFAULT,readOnly
2025-04-02 00:12:57 [main] TRACE o.s.t.a.AnnotationTransactionAttributeSource - Adding transactional method 'ru.kata.spring.boot_security.demo.services.UserServiceImpl.getAllUsers' with attribute: PROPAGATION_REQUIRED,ISOLATION_DEFAULT,readOnly
2025-04-02 00:12:57 [main] TRACE o.s.t.a.AnnotationTransactionAttributeSource - Adding transactional method 'ru.kata.spring.boot_security.demo.services.UserServiceImpl.saveUser' with attribute: PROPAGATION_REQUIRED,ISOLATION_DEFAULT
2025-04-02 00:12:57 [main] TRACE o.s.t.a.AnnotationTransactionAttributeSource - Adding transactional method 'ru.kata.spring.boot_security.demo.services.UserServiceImpl.updateUser' with attribute: PROPAGATION_REQUIRED,ISOLATION_DEFAULT
2025-04-02 00:12:57 [main] TRACE o.s.t.a.AnnotationTransactionAttributeSource - Adding transactional method 'ru.kata.spring.boot_security.demo.services.UserServiceImpl.deleteUser' with attribute: PROPAGATION_REQUIRED,ISOLATION_DEFAULT
2025-04-02 00:12:57 [main] TRACE o.s.t.a.AnnotationTransactionAttributeSource - Adding transactional method 'ru.kata.spring.boot_security.demo.services.UserServiceImpl.addRoleToUser' with attribute: PROPAGATION_REQUIRED,ISOLATION_DEFAULT
2025-04-02 00:12:57 [main] TRACE o.s.t.a.AnnotationTransactionAttributeSource - Adding transactional method 'ru.kata.spring.boot_security.demo.services.UserServiceImpl.getUserById' with attribute: PROPAGATION_REQUIRED,ISOLATION_DEFAULT,readOnly
2025-04-02 00:12:57 [main] INFO  o.s.s.web.DefaultSecurityFilterChain - Will secure any request with [org.springframework.security.web.session.DisableEncodeUrlFilter@63537871, org.springframework.security.web.context.request.async.WebAsyncManagerIntegrationFilter@64eb14da, org.springframework.security.web.context.SecurityContextPersistenceFilter@160e45c8, org.springframework.security.web.header.HeaderWriterFilter@15a8bbe5, org.springframework.security.web.authentication.logout.LogoutFilter@63846fa4, org.springframework.security.web.authentication.UsernamePasswordAuthenticationFilter@4270705f, org.springframework.security.web.authentication.ui.DefaultLoginPageGeneratingFilter@162e29a1, org.springframework.security.web.authentication.ui.DefaultLogoutPageGeneratingFilter@25587290, org.springframework.security.web.savedrequest.RequestCacheAwareFilter@17e8caf2, org.springframework.security.web.servletapi.SecurityContextHolderAwareRequestFilter@37196d53, org.springframework.security.web.authentication.AnonymousAuthenticationFilter@716eae1, org.springframework.security.web.session.SessionManagementFilter@5f26cb8b, org.springframework.security.web.access.ExceptionTranslationFilter@79c2bc34, org.springframework.security.web.access.intercept.AuthorizationFilter@3a47bf0e]
2025-04-02 00:12:57 [main] WARN  o.s.s.c.a.web.builders.WebSecurity - You are asking Spring Security to ignore Ant [pattern='/favicon.ico']. This is not recommended -- please use permitAll via HttpSecurity#authorizeHttpRequests instead.
2025-04-02 00:12:57 [main] INFO  o.s.s.web.DefaultSecurityFilterChain - Will not secure Ant [pattern='/favicon.ico']
2025-04-02 00:12:57 [main] WARN  o.s.s.c.a.web.builders.WebSecurity - You are asking Spring Security to ignore Ant [pattern='/css/**']. This is not recommended -- please use permitAll via HttpSecurity#authorizeHttpRequests instead.
2025-04-02 00:12:57 [main] INFO  o.s.s.web.DefaultSecurityFilterChain - Will not secure Ant [pattern='/css/**']
2025-04-02 00:12:57 [main] WARN  o.s.s.c.a.web.builders.WebSecurity - You are asking Spring Security to ignore Ant [pattern='/js/**']. This is not recommended -- please use permitAll via HttpSecurity#authorizeHttpRequests instead.
2025-04-02 00:12:57 [main] INFO  o.s.s.web.DefaultSecurityFilterChain - Will not secure Ant [pattern='/js/**']
2025-04-02 00:12:57 [main] WARN  o.s.s.c.a.web.builders.WebSecurity - You are asking Spring Security to ignore Ant [pattern='/images/**']. This is not recommended -- please use permitAll via HttpSecurity#authorizeHttpRequests instead.
2025-04-02 00:12:57 [main] INFO  o.s.s.web.DefaultSecurityFilterChain - Will not secure Ant [pattern='/images/**']
2025-04-02 00:12:57 [main] DEBUG o.s.w.s.m.m.a.RequestMappingHandlerAdapter - ControllerAdvice beans: 0 @ModelAttribute, 0 @InitBinder, 1 RequestBodyAdvice, 1 ResponseBodyAdvice
2025-04-02 00:12:57 [main] INFO  o.s.b.a.w.s.WelcomePageHandlerMapping - Adding welcome page template: index
2025-04-02 00:12:57 [main] DEBUG o.s.w.s.m.m.a.RequestMappingHandlerMapping - 7 mappings in 'requestMappingHandlerMapping'
2025-04-02 00:12:57 [main] DEBUG o.s.w.s.h.SimpleUrlHandlerMapping - Patterns [/login] in 'viewControllerHandlerMapping'
2025-04-02 00:12:57 [main] DEBUG o.s.w.s.h.SimpleUrlHandlerMapping - Patterns [/webjars/**, /**] in 'resourceHandlerMapping'
2025-04-02 00:12:57 [main] DEBUG o.s.w.s.m.m.a.ExceptionHandlerExceptionResolver - ControllerAdvice beans: 0 @ExceptionHandler, 1 ResponseBodyAdvice
2025-04-02 00:12:57 [main] INFO  o.s.b.w.e.tomcat.TomcatWebServer - Tomcat started on port(s): 8080 (http) with context path ''
2025-04-02 00:12:57 [main] INFO  r.k.s.b.d.SpringBootSecurityDemoApplication - Started SpringBootSecurityDemoApplication in 4.872 seconds (JVM running for 7.101)
2025-04-02 00:12:57 [main] TRACE o.s.t.i.TransactionInterceptor - Getting transaction for [org.springframework.data.jpa.repository.support.SimpleJpaRepository.count]
2025-04-02 00:12:57 [main] DEBUG org.hibernate.SQL - 
    /* select
        count(*) 
    from
        User x */ select
            count(*) as col_0_0_ 
        from
            users user0_
2025-04-02 00:12:57 [main] TRACE o.h.t.descriptor.sql.BasicExtractor - extracted value ([col_0_0_] : [BIGINT]) - [2]
2025-04-02 00:12:57 [main] TRACE o.s.t.i.TransactionInterceptor - Completing transaction for [org.springframework.data.jpa.repository.support.SimpleJpaRepository.count]
